WitsSocial/app/build/intermediates/manifest_merge_blame_file/debug/manifest-merger-blame-debug-report.txt
1<?xml version="1.0" encoding="utf-8"?>
2<manifest xmlns:android="http://schemas.android.com/apk/res/android"
3    package="com.example.witssocial"
4    android:versionCode="1"
5    android:versionName="1.0" >
6
7    <uses-sdk
8        android:minSdkVersion="21"
8-->src\main\AndroidManifest.xml
9        android:targetSdkVersion="32" />
9-->src\main\AndroidManifest.xml
10    <!-- Although the *SdkVersion is captured in gradle build files, this is required for non gradle builds -->
11    <!-- <uses-sdk android:minSdkVersion="14"/> -->
12    <uses-permission android:name="android.permission.ACCESS_NETWORK_STATE" />
12-->[com.google.firebase:firebase-database:20.0.4] AndroidManifest.xml:25:5-79
12-->[com.google.firebase:firebase-database:20.0.4] AndroidManifest.xml:25:22-76
13    <uses-permission android:name="android.permission.INTERNET" />
13-->[com.google.firebase:firebase-database:20.0.4] AndroidManifest.xml:26:5-67
13-->[com.google.firebase:firebase-database:20.0.4] AndroidManifest.xml:26:22-64
14
15    <application
15-->src\main\AndroidManifest.xml:5:5-23:19
16        android:allowBackup="true"
16-->src\main\AndroidManifest.xml:6:9-35
17        android:appComponentFactory="androidx.core.app.CoreComponentFactory"
17-->[androidx.core:core:1.7.0] AndroidManifest.xml:24:18-86
18        android:debuggable="true"
19        android:icon="@mipmap/ic_launcher"
19-->src\main\AndroidManifest.xml:7:9-43
20        android:label="@string/app_name"
20-->src\main\AndroidManifest.xml:8:9-41
21        android:roundIcon="@mipmap/ic_launcher_round"
21-->src\main\AndroidManifest.xml:9:9-54
22        android:supportsRtl="true"
22-->src\main\AndroidManifest.xml:10:9-35
23        android:testOnly="true"
24        android:theme="@style/Theme.WitsSocial" >
24-->src\main\AndroidManifest.xml:11:9-48
25        <activity android:name="com.example.witssocial.sign_up" />
25-->src\main\AndroidManifest.xml:12:9-45
25-->src\main\AndroidManifest.xml:12:19-42
26        <activity
26-->src\main\AndroidManifest.xml:13:9-22:20
27            android:name="com.example.witssocial.LogIn"
27-->src\main\AndroidManifest.xml:14:13-34
28            android:exported="true"
28-->src\main\AndroidManifest.xml:16:13-36
29            android:label="@string/app_name" >
29-->src\main\AndroidManifest.xml:15:13-45
30            <intent-filter>
30-->src\main\AndroidManifest.xml:17:13-21:29
31                <action android:name="android.intent.action.MAIN" />
31-->src\main\AndroidManifest.xml:18:17-69
31-->src\main\AndroidManifest.xml:18:25-66
32
33                <category android:name="android.intent.category.LAUNCHER" />
33-->src\main\AndroidManifest.xml:20:17-77
33-->src\main\AndroidManifest.xml:20:27-74
34            </intent-filter>
35        </activity>
36
37        <service
37-->[com.google.firebase:firebase-database:20.0.4] AndroidManifest.xml:29:9-35:19
38            android:name="com.google.firebase.components.ComponentDiscoveryService"
38-->[com.google.firebase:firebase-database:20.0.4] AndroidManifest.xml:30:13-84
39            android:directBootAware="true"
39-->[com.google.firebase:firebase-common:20.1.0] AndroidManifest.xml:35:13-43
40            android:exported="false" >
40-->[com.google.firebase:firebase-database:20.0.4] AndroidManifest.xml:31:13-37
41            <meta-data
41-->[com.google.firebase:firebase-database:20.0.4] AndroidManifest.xml:32:13-34:85
42                android:name="com.google.firebase.components:com.google.firebase.database.DatabaseRegistrar"
42-->[com.google.firebase:firebase-database:20.0.4] AndroidManifest.xml:33:17-109
43                android:value="com.google.firebase.components.ComponentRegistrar" />
43-->[com.google.firebase:firebase-database:20.0.4] AndroidManifest.xml:34:17-82
44        </service>
45
46        <activity
46-->[com.google.android.gms:play-services-base:18.0.1] AndroidManifest.xml:20:9-22:45
47            android:name="com.google.android.gms.common.api.GoogleApiActivity"
47-->[com.google.android.gms:play-services-base:18.0.1] AndroidManifest.xml:20:19-85
48            android:exported="false"
48-->[com.google.android.gms:play-services-base:18.0.1] AndroidManifest.xml:22:19-43
49            android:theme="@android:style/Theme.Translucent.NoTitleBar" />
49-->[com.google.android.gms:play-services-base:18.0.1] AndroidManifest.xml:21:19-78
50
51        <provider
51-->[com.google.firebase:firebase-common:20.1.0] AndroidManifest.xml:26:9-31:39
52            android:name="com.google.firebase.provider.FirebaseInitProvider"
52-->[com.google.firebase:firebase-common:20.1.0] AndroidManifest.xml:27:13-77
53            android:authorities="com.example.witssocial.firebaseinitprovider"
53-->[com.google.firebase:firebase-common:20.1.0] AndroidManifest.xml:28:13-72
54            android:directBootAware="true"
54-->[com.google.firebase:firebase-common:20.1.0] AndroidManifest.xml:29:13-43
55            android:exported="false"
55-->[com.google.firebase:firebase-common:20.1.0] AndroidManifest.xml:30:13-37
56            android:initOrder="100" />
56-->[com.google.firebase:firebase-common:20.1.0] AndroidManifest.xml:31:13-36
57
58        <meta-data
58-->[com.google.android.gms:play-services-basement:18.0.0] AndroidManifest.xml:21:9-23:69
59            android:name="com.google.android.gms.version"
59-->[com.google.android.gms:play-services-basement:18.0.0] AndroidManifest.xml:22:13-58
60            android:value="@integer/google_play_services_version" />
60-->[com.google.android.gms:play-services-basement:18.0.0] AndroidManifest.xml:23:13-66
61
62        <provider
62-->[androidx.emoji2:emoji2:1.0.0] AndroidManifest.xml:26:9-34:20
63            android:name="androidx.startup.InitializationProvider"
63-->[androidx.emoji2:emoji2:1.0.0] AndroidManifest.xml:27:13-67
64            android:authorities="com.example.witssocial.androidx-startup"
64-->[androidx.emoji2:emoji2:1.0.0] AndroidManifest.xml:28:13-68
65            android:exported="false" >
65-->[androidx.emoji2:emoji2:1.0.0] AndroidManifest.xml:29:13-37
66            <meta-data
66-->[androidx.emoji2:emoji2:1.0.0] AndroidManifest.xml:31:13-33:52
67                android:name="androidx.emoji2.text.EmojiCompatInitializer"
67-->[androidx.emoji2:emoji2:1.0.0] AndroidManifest.xml:32:17-75
68                android:value="androidx.startup" />
68-->[androidx.emoji2:emoji2:1.0.0] AndroidManifest.xml:33:17-49
69            <meta-data
69-->[androidx.lifecycle:lifecycle-process:2.4.0] AndroidManifest.xml:31:13-33:52
70                android:name="androidx.lifecycle.ProcessLifecycleInitializer"
70-->[androidx.lifecycle:lifecycle-process:2.4.0] AndroidManifest.xml:32:17-78
71                android:value="androidx.startup" />
71-->[androidx.lifecycle:lifecycle-process:2.4.0] AndroidManifest.xml:33:17-49
72        </provider>
73    </application>
74
75</manifest>